mode: set
github.com/Shangye-space/Item-Service/src/api/item/item-create.go:13.53,15.16 2 0
github.com/Shangye-space/Item-Service/src/api/item/item-create.go:20.2,25.17 4 0
github.com/Shangye-space/Item-Service/src/api/item/item-create.go:29.2,29.46 1 0
github.com/Shangye-space/Item-Service/src/api/item/item-create.go:33.2,34.24 2 0
github.com/Shangye-space/Item-Service/src/api/item/item-create.go:44.2,44.59 1 0
github.com/Shangye-space/Item-Service/src/api/item/item-create.go:48.2,55.52 4 0
github.com/Shangye-space/Item-Service/src/api/item/item-create.go:15.16,17.3 1 0
github.com/Shangye-space/Item-Service/src/api/item/item-create.go:25.17,27.3 1 0
github.com/Shangye-space/Item-Service/src/api/item/item-create.go:29.46,31.3 1 0
github.com/Shangye-space/Item-Service/src/api/item/item-create.go:34.24,36.3 1 0
github.com/Shangye-space/Item-Service/src/api/item/item-create.go:36.8,37.27 1 0
github.com/Shangye-space/Item-Service/src/api/item/item-create.go:37.27,39.4 1 0
github.com/Shangye-space/Item-Service/src/api/item/item-create.go:39.9,41.4 1 0
github.com/Shangye-space/Item-Service/src/api/item/item-create.go:44.59,46.3 1 0
github.com/Shangye-space/Item-Service/src/api/item/item-delete.go:13.53,17.16 3 0
github.com/Shangye-space/Item-Service/src/api/item/item-delete.go:23.2,24.16 2 0
github.com/Shangye-space/Item-Service/src/api/item/item-delete.go:28.2,32.52 4 0
github.com/Shangye-space/Item-Service/src/api/item/item-delete.go:17.16,19.3 1 0
github.com/Shangye-space/Item-Service/src/api/item/item-delete.go:19.8,19.24 1 0
github.com/Shangye-space/Item-Service/src/api/item/item-delete.go:19.24,21.3 1 0
github.com/Shangye-space/Item-Service/src/api/item/item-delete.go:24.16,26.3 1 0
github.com/Shangye-space/Item-Service/src/api/item/item-get.go:14.50,17.16 2 1
github.com/Shangye-space/Item-Service/src/api/item/item-get.go:21.2,24.16 2 1
github.com/Shangye-space/Item-Service/src/api/item/item-get.go:28.2,31.20 3 1
github.com/Shangye-space/Item-Service/src/api/item/item-get.go:39.2,43.34 4 1
github.com/Shangye-space/Item-Service/src/api/item/item-get.go:17.16,19.3 1 0
github.com/Shangye-space/Item-Service/src/api/item/item-get.go:24.16,25.21 1 0
github.com/Shangye-space/Item-Service/src/api/item/item-get.go:31.20,33.17 2 0
github.com/Shangye-space/Item-Service/src/api/item/item-get.go:36.3,36.30 1 0
github.com/Shangye-space/Item-Service/src/api/item/item-get.go:33.17,34.22 1 0
github.com/Shangye-space/Item-Service/src/api/item/item-update.go:18.53,22.16 3 0
github.com/Shangye-space/Item-Service/src/api/item/item-update.go:29.2,34.17 4 0
github.com/Shangye-space/Item-Service/src/api/item/item-update.go:38.2,40.45 2 0
github.com/Shangye-space/Item-Service/src/api/item/item-update.go:45.2,45.24 1 0
github.com/Shangye-space/Item-Service/src/api/item/item-update.go:55.2,56.16 2 0
github.com/Shangye-space/Item-Service/src/api/item/item-update.go:61.2,68.52 6 0
github.com/Shangye-space/Item-Service/src/api/item/item-update.go:22.16,24.3 1 0
github.com/Shangye-space/Item-Service/src/api/item/item-update.go:24.8,24.24 1 0
github.com/Shangye-space/Item-Service/src/api/item/item-update.go:24.24,26.3 1 0
github.com/Shangye-space/Item-Service/src/api/item/item-update.go:34.17,35.13 1 0
github.com/Shangye-space/Item-Service/src/api/item/item-update.go:40.45,43.3 2 0
github.com/Shangye-space/Item-Service/src/api/item/item-update.go:45.24,47.28 2 0
github.com/Shangye-space/Item-Service/src/api/item/item-update.go:52.3,52.34 1 0
github.com/Shangye-space/Item-Service/src/api/item/item-update.go:47.28,49.4 1 0
github.com/Shangye-space/Item-Service/src/api/item/item-update.go:49.9,51.4 1 0
github.com/Shangye-space/Item-Service/src/api/item/item-update.go:56.16,58.3 1 0
